<?xml version="1.0" encoding="UTF-8" standalone="no"?>
<testsuite failures="2" name="cucumber.runtime.formatter.JUnitFormatter" skipped="0" tests="6" time="258.962384">
<testcase classname="LordAndTaylor shipping promotion functionality" name="1. Free shipping OVER $49 purchase from Beauty" time="68.333717">
<failure message="org.openqa.selenium.NoSuchElementException: no such element: Unable to locate element: {&quot;method&quot;:&quot;xpath&quot;,&quot;selector&quot;:&quot;//a[@id='jsStartCheckout'][contains(text(),'Checkout')]&quot;}&#10;  (Session info: chrome=65.0.3325.181)&#10;  (Driver info: chromedriver=2.37.543627 (63642262d9fb93fb4ab52398be4286d844092a5e),platform=Windows NT 6.1.7601 SP1 x86_64) (WARNING: The server did not provide any stacktrace information)&#10;Command duration or timeout: 0 milliseconds&#10;For documentation on this error, please visit: http://seleniumhq.org/exceptions/no_such_element.html&#10;Build info: version: '3.9.1', revision: '63f7b50', time: '2018-02-07T22:25:02.294Z'&#10;System info: host: 'SHIFT-PC01', ip: '192.168.0.10', os.name: 'Windows 7', os.arch: 'amd64', os.version: '6.1', java.version: '1.8.0_151'&#10;Driver info: org.openqa.selenium.chrome.ChromeDriver&#10;Capabilities {acceptInsecureCerts: false, acceptSslCerts: false, applicationCacheEnabled: false, browserConnectionEnabled: false, browserName: chrome, chrome: {chromedriverVersion: 2.37.543627 (63642262d9fb93..., userDataDir: C:\Users\SHIFTS~1\AppData\L...}, cssSelectorsEnabled: true, databaseEnabled: false, handlesAlerts: true, hasTouchScreen: false, javascriptEnabled: true, locationContextEnabled: true, mobileEmulationEnabled: false, nativeEvents: true, networkConnectionEnabled: false, pageLoadStrategy: normal, platform: XP, platformName: XP, rotatable: false, setWindowRect: true, takesHeapSnapshot: true, takesScreenshot: true, unexpectedAlertBehaviour: , unhandledPromptBehavior: , version: 65.0.3325.181, webStorageEnabled: true}&#10;Session ID: f7a436ace32189d4da4cad679436652c&#10;*** Element info: {Using=xpath, value=//a[@id='jsStartCheckout'][contains(text(),'Checkout')]}&#13;&#10;&#9;at sun.reflect.NativeConstructorAccessorImpl.newInstance0(Native Method)&#13;&#10;&#9;at sun.reflect.NativeConstructorAccessorImpl.newInstance(NativeConstructorAccessorImpl.java:62)&#13;&#10;&#9;at sun.reflect.DelegatingConstructorAccessorImpl.newInstance(DelegatingConstructorAccessorImpl.java:45)&#13;&#10;&#9;at java.lang.reflect.Constructor.newInstance(Constructor.java:423)&#13;&#10;&#9;at org.openqa.selenium.remote.ErrorHandler.createThrowable(ErrorHandler.java:214)&#13;&#10;&#9;at org.openqa.selenium.remote.ErrorHandler.throwIfResponseFailed(ErrorHandler.java:166)&#13;&#10;&#9;at org.openqa.selenium.remote.http.JsonHttpResponseCodec.reconstructValue(JsonHttpResponseCodec.java:40)&#13;&#10;&#9;at org.openqa.selenium.remote.http.AbstractHttpResponseCodec.decode(AbstractHttpResponseCodec.java:80)&#13;&#10;&#9;at org.openqa.selenium.remote.http.AbstractHttpResponseCodec.decode(AbstractHttpResponseCodec.java:44)&#13;&#10;&#9;at org.openqa.selenium.remote.HttpCommandExecutor.execute(HttpCommandExecutor.java:160)&#13;&#10;&#9;at org.openqa.selenium.remote.service.DriverCommandExecutor.execute(DriverCommandExecutor.java:83)&#13;&#10;&#9;at org.openqa.selenium.remote.RemoteWebDriver.execute(RemoteWebDriver.java:601)&#13;&#10;&#9;at org.openqa.selenium.remote.RemoteWebDriver.findElement(RemoteWebDriver.java:371)&#13;&#10;&#9;at org.openqa.selenium.remote.RemoteWebDriver.findElementByXPath(RemoteWebDriver.java:473)&#13;&#10;&#9;at org.openqa.selenium.By$ByXPath.findElement(By.java:361)&#13;&#10;&#9;at org.openqa.selenium.remote.RemoteWebDriver.findElement(RemoteWebDriver.java:363)&#13;&#10;&#9;at org.openqa.selenium.support.pagefactory.DefaultElementLocator.findElement(DefaultElementLocator.java:69)&#13;&#10;&#9;at org.openqa.selenium.support.pagefactory.internal.LocatingElementHandler.invoke(LocatingElementHandler.java:38)&#13;&#10;&#9;at com.sun.proxy.$Proxy19.getWrappedElement(Unknown Source)&#13;&#10;&#9;at org.openqa.selenium.remote.internal.WebElementToJsonConverter.apply(WebElementToJsonConverter.java:51)&#13;&#10;&#9;at com.google.common.collect.Iterators$6.transform(Iterators.java:788)&#13;&#10;&#9;at com.google.common.collect.TransformedIterator.next(TransformedIterator.java:47)&#13;&#10;&#9;at com.google.common.collect.Iterators.addAll(Iterators.java:358)&#13;&#10;&#9;at com.google.common.collect.Lists.newArrayList(Lists.java:155)&#13;&#10;&#9;at com.google.common.collect.Lists.newArrayList(Lists.java:141)&#13;&#10;&#9;at org.openqa.selenium.remote.RemoteWebDriver.executeScript(RemoteWebDriver.java:535)&#13;&#10;&#9;at com.lordandtaylor.qa.framework.utils.SeleniumUtils.highlight(SeleniumUtils.java:160)&#13;&#10;&#9;at com.lordandtaylor.qa.framework.pages.ViewBagPage.clickCheckoutButton(ViewBagPage.java:98)&#13;&#10;&#9;at com.lordandtaylor.qa.framework.steps.SimilarButtonsSteps.user_click_checkout_button_on_bagPage(SimilarButtonsSteps.java:34)&#13;&#10;&#9;at ✽.And User click checkout button on bagPage(src/test/resources/features/LordAndTaylorShipPromo.feature:34)&#13;&#10;"><![CDATA[When User navigate to site..................................................passed
When User close emailPopUp button...........................................passed
Then LordAndTaylor home page should display.................................passed
When User click SignIn link.................................................passed
Then Browser should display SignIn page.....................................passed
When User enter email as "hema_ahmad@yahoo.com".............................passed
And User enter password as "Hema&123".......................................passed
And User click SignIn button................................................passed
Then Account page should display greeting message...........................passed
When User navigate Beauty department to Exfoliators category................passed
Then Exfoliators page should display........................................passed
When User click on Lancome exfoliator product...............................passed
Then Lancome product page should display....................................passed
When User select Lancome product size as "3.4 OZ."..........................passed
And User select Lancome product quantity as "2".............................passed
And User select Lancome shipIt option.......................................passed
And User click addToBag button..............................................passed
And User click viewMyBagAndCheckOut.........................................passed
Then BagPage should display.................................................passed
When User verify totalItems on LancomeBagPage as "Items (2)"................passed
And User verify product name on LancomeBagPage as "Comforting Exfoliating Cream/3.4 oz.".passed
And User verify subTotal on LancomeBagPage as "$52.00"......................passed
And User verify estimatedTotal on LancomeBagPage as "$61.95"................passed
And User click checkout button on bagPage...................................failed
Then Checkout page should display Lancome products..........................skipped
When User verify product name on LancomeCheckoutPage as "Comforting Exfoliating Cream/3.4 oz.".skipped
And User verify product quantity on LancomeCheckoutPage as "2"..............skipped
And User verify itemTotal on LancomeCheckoutPage as "$52.00"................skipped
And User verify shipping on LancomeCheckoutPage as "FREE"...................skipped
And User verify verify tax on LancomeCheckoutPage as "$0.00"................skipped
And User verify orderTotal on LancomeCheckoutPage as "$52.00"...............skipped
And User click SignOut button...............................................skipped

StackTrace:
org.openqa.selenium.NoSuchElementException: no such element: Unable to locate element: {"method":"xpath","selector":"//a[@id='jsStartCheckout'][contains(text(),'Checkout')]"}
  (Session info: chrome=65.0.3325.181)
  (Driver info: chromedriver=2.37.543627 (63642262d9fb93fb4ab52398be4286d844092a5e),platform=Windows NT 6.1.7601 SP1 x86_64) (WARNING: The server did not provide any stacktrace information)
Command duration or timeout: 0 milliseconds
For documentation on this error, please visit: http://seleniumhq.org/exceptions/no_such_element.html
Build info: version: '3.9.1', revision: '63f7b50', time: '2018-02-07T22:25:02.294Z'
System info: host: 'SHIFT-PC01', ip: '192.168.0.10', os.name: 'Windows 7', os.arch: 'amd64', os.version: '6.1', java.version: '1.8.0_151'
Driver info: org.openqa.selenium.chrome.ChromeDriver
Capabilities {acceptInsecureCerts: false, acceptSslCerts: false, applicationCacheEnabled: false, browserConnectionEnabled: false, browserName: chrome, chrome: {chromedriverVersion: 2.37.543627 (63642262d9fb93..., userDataDir: C:\Users\SHIFTS~1\AppData\L...}, cssSelectorsEnabled: true, databaseEnabled: false, handlesAlerts: true, hasTouchScreen: false, javascriptEnabled: true, locationContextEnabled: true, mobileEmulationEnabled: false, nativeEvents: true, networkConnectionEnabled: false, pageLoadStrategy: normal, platform: XP, platformName: XP, rotatable: false, setWindowRect: true, takesHeapSnapshot: true, takesScreenshot: true, unexpectedAlertBehaviour: , unhandledPromptBehavior: , version: 65.0.3325.181, webStorageEnabled: true}
Session ID: f7a436ace32189d4da4cad679436652c
*** Element info: {Using=xpath, value=//a[@id='jsStartCheckout'][contains(text(),'Checkout')]}
	at sun.reflect.NativeConstructorAccessorImpl.newInstance0(Native Method)
	at sun.reflect.NativeConstructorAccessorImpl.newInstance(NativeConstructorAccessorImpl.java:62)
	at sun.reflect.DelegatingConstructorAccessorImpl.newInstance(DelegatingConstructorAccessorImpl.java:45)
	at java.lang.reflect.Constructor.newInstance(Constructor.java:423)
	at org.openqa.selenium.remote.ErrorHandler.createThrowable(ErrorHandler.java:214)
	at org.openqa.selenium.remote.ErrorHandler.throwIfResponseFailed(ErrorHandler.java:166)
	at org.openqa.selenium.remote.http.JsonHttpResponseCodec.reconstructValue(JsonHttpResponseCodec.java:40)
	at org.openqa.selenium.remote.http.AbstractHttpResponseCodec.decode(AbstractHttpResponseCodec.java:80)
	at org.openqa.selenium.remote.http.AbstractHttpResponseCodec.decode(AbstractHttpResponseCodec.java:44)
	at org.openqa.selenium.remote.HttpCommandExecutor.execute(HttpCommandExecutor.java:160)
	at org.openqa.selenium.remote.service.DriverCommandExecutor.execute(DriverCommandExecutor.java:83)
	at org.openqa.selenium.remote.RemoteWebDriver.execute(RemoteWebDriver.java:601)
	at org.openqa.selenium.remote.RemoteWebDriver.findElement(RemoteWebDriver.java:371)
	at org.openqa.selenium.remote.RemoteWebDriver.findElementByXPath(RemoteWebDriver.java:473)
	at org.openqa.selenium.By$ByXPath.findElement(By.java:361)
	at org.openqa.selenium.remote.RemoteWebDriver.findElement(RemoteWebDriver.java:363)
	at org.openqa.selenium.support.pagefactory.DefaultElementLocator.findElement(DefaultElementLocator.java:69)
	at org.openqa.selenium.support.pagefactory.internal.LocatingElementHandler.invoke(LocatingElementHandler.java:38)
	at com.sun.proxy.$Proxy19.getWrappedElement(Unknown Source)
	at org.openqa.selenium.remote.internal.WebElementToJsonConverter.apply(WebElementToJsonConverter.java:51)
	at com.google.common.collect.Iterators$6.transform(Iterators.java:788)
	at com.google.common.collect.TransformedIterator.next(TransformedIterator.java:47)
	at com.google.common.collect.Iterators.addAll(Iterators.java:358)
	at com.google.common.collect.Lists.newArrayList(Lists.java:155)
	at com.google.common.collect.Lists.newArrayList(Lists.java:141)
	at org.openqa.selenium.remote.RemoteWebDriver.executeScript(RemoteWebDriver.java:535)
	at com.lordandtaylor.qa.framework.utils.SeleniumUtils.highlight(SeleniumUtils.java:160)
	at com.lordandtaylor.qa.framework.pages.ViewBagPage.clickCheckoutButton(ViewBagPage.java:98)
	at com.lordandtaylor.qa.framework.steps.SimilarButtonsSteps.user_click_checkout_button_on_bagPage(SimilarButtonsSteps.java:34)
	at ✽.And User click checkout button on bagPage(src/test/resources/features/LordAndTaylorShipPromo.feature:34)
]]></failure>
</testcase>
<testcase classname="LordAndTaylor shipping promotion functionality" name="2. No free shipping UNDER $49 purchase from Beauty" time="65.728571">
<failure message="org.junit.ComparisonFailure: expected:&lt;Items ([1])&gt; but was:&lt;Items ([3])&gt;&#13;&#10;&#9;at org.junit.Assert.assertEquals(Assert.java:115)&#13;&#10;&#9;at org.junit.Assert.assertEquals(Assert.java:144)&#13;&#10;&#9;at com.lordandtaylor.qa.framework.pages.ViewBagPage.verifyTotalItemsInBag(ViewBagPage.java:58)&#13;&#10;&#9;at com.lordandtaylor.qa.framework.steps.BagPageSteps.user_verify_totalItems_on_ShiseidoBagPage_as(BagPageSteps.java:47)&#13;&#10;&#9;at ✽.When User verify totalItems on ShiseidoBagPage as &quot;Items (1)&quot;(src/test/resources/features/LordAndTaylorShipPromo.feature:57)&#13;&#10;"><![CDATA[When User navigate to site..................................................passed
When User close emailPopUp button...........................................passed
Then LordAndTaylor home page should display.................................passed
When User click SignIn link.................................................passed
Then Browser should display SignIn page.....................................passed
When User enter email as "hema_ahmad@yahoo.com".............................passed
And User enter password as "Hema&123".......................................passed
And User click SignIn button................................................passed
Then Account page should display greeting message...........................passed
When User navigate Beauty department to Eyes category.......................passed
Then Eyes page should display...............................................passed
When User click on Shiseido Eye product.....................................passed
Then Shiseido product page should display...................................passed
When User select Shiseido product color as "Br602 Deep Brown"...............passed
And User select Shiseido product quantity as "1"............................passed
And User select Shiseido shipIt option......................................passed
And User click addToBag button..............................................passed
And User click viewMyBagAndCheckOut.........................................passed
Then Bag page should display................................................passed
When User verify totalItems on ShiseidoBagPage as "Items (1)"...............failed
And User verify product name on ShiseidoBagPage as "Natural Eyebrow Pencil/0.1 oz.".skipped
And User verify subTotal on ShiseidoBagPage as "$20.00".....................skipped
And User verify estimatedTotal on ShiseidoBagPage as "$25.95"...............skipped
And User click checkout button on bagPage...................................skipped
Then Checkout page should display Shiseido products.........................skipped
When User verify product name on ShiseidoCheckoutPage as "Natural Eyebrow Pencil/0.1 oz.".skipped
And User verify product quantity on ShiseidoCheckoutPage as "1".............skipped
And User verify itemTotal on ShiseidoCheckoutPage as "$20.00"...............skipped
And User verify shipping on ShiseidoCheckoutPage as "$5.95".................skipped
And User verify verify tax on ShiseidoCheckoutPage as "$0.00"...............skipped
And User verify orderTotal on ShiseidoCheckoutPage as "$25.95"..............skipped
And User click SignOut button...............................................skipped

StackTrace:
org.junit.ComparisonFailure: expected:<Items ([1])> but was:<Items ([3])>
	at org.junit.Assert.assertEquals(Assert.java:115)
	at org.junit.Assert.assertEquals(Assert.java:144)
	at com.lordandtaylor.qa.framework.pages.ViewBagPage.verifyTotalItemsInBag(ViewBagPage.java:58)
	at com.lordandtaylor.qa.framework.steps.BagPageSteps.user_verify_totalItems_on_ShiseidoBagPage_as(BagPageSteps.java:47)
	at ✽.When User verify totalItems on ShiseidoBagPage as "Items (1)"(src/test/resources/features/LordAndTaylorShipPromo.feature:57)
]]></failure>
</testcase>
<testcase classname="LordAndTaylor SignIn Functionality" name="1. Valid email and valid password" time="42.799127">
<system-out><![CDATA[Given As a non-validated user...............................................passed
When User navigate to site..................................................passed
When User close emailPopUp button...........................................passed
Then LordAndTaylor home page should display.................................passed
When User click SignIn link.................................................passed
Then Browser should display SignIn page.....................................passed
When User enter email as "hema_ahmad@yahoo.com".............................passed
And User enter password as "Hema&123".......................................passed
And User click SignIn button................................................passed
Then Account page should display greeting message...........................passed
And User click SignOut button...............................................passed
]]></system-out>
</testcase>
<testcase classname="LordAndTaylor SignIn Functionality" name="2. Invalid email and valid password" time="27.536801">
<system-out><![CDATA[Given As a non-validated user...............................................passed
When User navigate to site..................................................passed
When User close emailPopUp button...........................................passed
Then LordAndTaylor home page should display.................................passed
When User click SignIn link.................................................passed
Then Browser should display SignIn page.....................................passed
When User enter email as "".................................................passed
And User enter password as "Hema&123".......................................passed
And User click SignIn button................................................passed
Then EmailError should display as "This field is required.".................passed
]]></system-out>
</testcase>
<testcase classname="LordAndTaylor SignIn Functionality" name="2. Invalid email and valid password 2" time="27.212235">
<system-out><![CDATA[Given As a non-validated user...............................................passed
When User navigate to site..................................................passed
When User close emailPopUp button...........................................passed
Then LordAndTaylor home page should display.................................passed
When User click SignIn link.................................................passed
Then Browser should display SignIn page.....................................passed
When User enter email as "hemaahmad@gmail"..................................passed
And User enter password as "Hema&123".......................................passed
And User click SignIn button................................................passed
Then EmailError should display as "Enter a valid email address."............passed
]]></system-out>
</testcase>
<testcase classname="LordAndTaylor SignIn Functionality" name="3. Valid email and invalid password" time="27.351933">
<system-out><![CDATA[Given As a non-validated user...............................................passed
When User navigate to site..................................................passed
When User close emailPopUp button...........................................passed
Then LordAndTaylor home page should display.................................passed
When User click SignIn link.................................................passed
Then Browser should display SignIn page.....................................passed
When User enter email as "hema_ahmad@yahoo.com".............................passed
And User enter password as ""...............................................passed
And User click SignIn button................................................passed
Then PasswordError should display as "This field is required."..............passed
]]></system-out>
</testcase>
</testsuite>
