<?xml version="1.0" encoding="UTF-8"?>
<testng-results ignored="0" total="1" passed="1" failed="0" skipped="0">
  <reporter-output>
  </reporter-output>
  <suite started-at="2018-09-20T03:04:26Z" name="Default suite" finished-at="2018-09-20T03:04:26Z" duration-ms="50">
    <groups>
    </groups>
    <test started-at="2018-09-20T03:04:26Z" name="Default test" finished-at="2018-09-20T03:04:26Z" duration-ms="50">
      <class name="com.lordandtaylor.qa.framework.utils.HamcrestTest">
        <test-method signature="test_RegexCase2()[pri:0, instance:com.lordandtaylor.qa.framework.utils.HamcrestTest@2beee7ff]" started-at="2018-09-19T23:04:26Z" name="test_RegexCase2" finished-at="2018-09-19T23:04:26Z" duration-ms="12" status="PASS">
          <reporter-output>
          </reporter-output>
        </test-method> <!-- test_RegexCase2 -->
      </class> <!-- com.lordandtaylor.qa.framework.utils.HamcrestTest -->
    </test> <!-- Default test -->
  </suite> <!-- Default suite -->
</testng-results>
